# JRE version: Java(TM) SE Runtime Environment (17.0.12+8) (build 17.0.12+8-LTS-286)
# Java VM: Java HotSpot(TM) 64-Bit Server VM (17.0.12+8-LTS-286, mixed mode, sharing, tiered, compressed oops, compressed class ptrs, g1 gc, windows-amd64)
GC Precious Log:
 CPUs: 12 total, 12 available
 Memory: 19789M
 Large Page Support: Disabled
 NUMA Support: Disabled
 Compressed Oops: Enabled (Zero based)
 Heap Region Size: 4M
 Heap Min Capacity: 8M
 Heap Initial Capacity: 312M
 Heap Max Capacity: 4948M
 Pre-touch: Disabled
 Parallel Workers: 10
 Concurrent Workers: 3
 Concurrent Refinement Workers: 10
 Periodic GC: Disabled
Heap:
 garbage-first heap   total 98304K, used 57847K [0x00000006cac00000, 0x0000000800000000)
  region size 4096K, 7 young (28672K), 2 survivors (8192K)
 Metaspace       used 82468K, committed 83264K, reserved 1179648K
  class space    used 11158K, committed 11520K, reserved 1048576K
GC Heap History (20 events):
Event: 1824.077 GC heap before
{Heap before GC invocations=37 (full 0):
 garbage-first heap   total 98304K, used 44259K [0x00000006cac00000, 0x0000000800000000)
  region size 4096K, 3 young (12288K), 1 survivors (4096K)
 Metaspace       used 80654K, committed 81408K, reserved 1179648K
  class space    used 11065K, committed 11392K, reserved 1048576K
}
Event: 1824.237 GC heap after
{Heap after GC invocations=38 (full 1):
 garbage-first heap   total 98304K, used 32182K [0x00000006cac00000, 0x0000000800000000)
  region size 4096K, 0 young (0K), 0 survivors (0K)
 Metaspace       used 80654K, committed 81408K, reserved 1179648K
  class space    used 11065K, committed 11392K, reserved 1048576K
}
Event: 1826.013 GC heap before
{Heap before GC invocations=38 (full 1):
 garbage-first heap   total 98304K, used 77238K [0x00000006cac00000, 0x0000000800000000)
  region size 4096K, 11 young (45056K), 0 survivors (0K)
 Metaspace       used 80938K, committed 81728K, reserved 1179648K
  class space    used 11076K, committed 11456K, reserved 1048576K
}
Event: 1826.017 GC heap after
{Heap after GC invocations=39 (full 1):
 garbage-first heap   total 98304K, used 35965K [0x00000006cac00000, 0x0000000800000000)
  region size 4096K, 1 young (4096K), 1 survivors (4096K)
 Metaspace       used 80938K, committed 81728K, reserved 1179648K
  class space    used 11076K, committed 11456K, reserved 1048576K
}
Event: 1826.597 GC heap before
{Heap before GC invocations=39 (full 1):
 garbage-first heap   total 98304K, used 76925K [0x00000006cac00000, 0x0000000800000000)
  region size 4096K, 11 young (45056K), 1 survivors (4096K)
 Metaspace       used 81094K, committed 81920K, reserved 1179648K
  class space    used 11079K, committed 11456K, reserved 1048576K
}
Event: 1826.603 GC heap after
{Heap after GC invocations=40 (full 1):
 garbage-first heap   total 98304K, used 37438K [0x00000006cac00000, 0x0000000800000000)
  region size 4096K, 2 young (8192K), 2 survivors (8192K)
 Metaspace       used 81094K, committed 81920K, reserved 1179648K
  class space    used 11079K, committed 11456K, reserved 1048576K
}
Event: 1827.893 GC heap before
{Heap before GC invocations=40 (full 1):
 garbage-first heap   total 98304K, used 74302K [0x00000006cac00000, 0x0000000800000000)
  region size 4096K, 11 young (45056K), 2 survivors (8192K)
 Metaspace       used 81694K, committed 82432K, reserved 1179648K
  class space    used 11111K, committed 11456K, reserved 1048576K
}
Event: 1827.899 GC heap after
{Heap after GC invocations=41 (full 1):
 garbage-first heap   total 98304K, used 39641K [0x00000006cac00000, 0x0000000800000000)
  region size 4096K, 1 young (4096K), 1 survivors (4096K)
 Metaspace       used 81694K, committed 82432K, reserved 1179648K
  class space    used 11111K, committed 11456K, reserved 1048576K
}
Event: 1828.670 GC heap before
{Heap before GC invocations=41 (full 1):
 garbage-first heap   total 98304K, used 76505K [0x00000006cac00000, 0x0000000800000000)
  region size 4096K, 10 young (40960K), 1 survivors (4096K)
 Metaspace       used 81782K, committed 82496K, reserved 1179648K
  class space    used 11115K, committed 11456K, reserved 1048576K
}
Event: 1828.675 GC heap after
{Heap after GC invocations=42 (full 1):
 garbage-first heap   total 98304K, used 40618K [0x00000006cac00000, 0x0000000800000000)
  region size 4096K, 2 young (8192K), 2 survivors (8192K)
 Metaspace       used 81782K, committed 82496K, reserved 1179648K
  class space    used 11115K, committed 11456K, reserved 1048576K
}
Event: 1829.119 GC heap before
{Heap before GC invocations=42 (full 1):
 garbage-first heap   total 98304K, used 73386K [0x00000006cac00000, 0x0000000800000000)
  region size 4096K, 10 young (40960K), 2 survivors (8192K)
 Metaspace       used 81804K, committed 82560K, reserved 1179648K
  class space    used 11116K, committed 11456K, reserved 1048576K
}
Event: 1829.125 GC heap after
{Heap after GC invocations=43 (full 1):
 garbage-first heap   total 98304K, used 41282K [0x00000006cac00000, 0x0000000800000000)
  region size 4096K, 2 young (8192K), 2 survivors (8192K)
 Metaspace       used 81804K, committed 82560K, reserved 1179648K
  class space    used 11116K, committed 11456K, reserved 1048576K
}
Event: 1829.433 GC heap before
{Heap before GC invocations=43 (full 1):
 garbage-first heap   total 98304K, used 69954K [0x00000006cac00000, 0x0000000800000000)
  region size 4096K, 9 young (36864K), 2 survivors (8192K)
 Metaspace       used 81824K, committed 82624K, reserved 1179648K
  class space    used 11116K, committed 11456K, reserved 1048576K
}
Event: 1829.438 GC heap after
{Heap after GC invocations=44 (full 1):
 garbage-first heap   total 98304K, used 41992K [0x00000006cac00000, 0x0000000800000000)
  region size 4096K, 2 young (8192K), 2 survivors (8192K)
 Metaspace       used 81824K, committed 82624K, reserved 1179648K
  class space    used 11116K, committed 11456K, reserved 1048576K
}
Event: 1834.216 GC heap before
{Heap before GC invocations=44 (full 1):
 garbage-first heap   total 98304K, used 54280K [0x00000006cac00000, 0x0000000800000000)
  region size 4096K, 6 young (24576K), 2 survivors (8192K)
 Metaspace       used 82041K, committed 82880K, reserved 1179648K
  class space    used 11132K, committed 11520K, reserved 1048576K
}
Event: 1834.379 GC heap after
{Heap after GC invocations=45 (full 2):
 garbage-first heap   total 98304K, used 36279K [0x00000006cac00000, 0x0000000800000000)
  region size 4096K, 0 young (0K), 0 survivors (0K)
 Metaspace       used 82034K, committed 82880K, reserved 1179648K
  class space    used 11131K, committed 11520K, reserved 1048576K
}
Event: 1835.717 GC heap before
{Heap before GC invocations=45 (full 2):
 garbage-first heap   total 98304K, used 77239K [0x00000006cac00000, 0x0000000800000000)
  region size 4096K, 10 young (40960K), 0 survivors (0K)
 Metaspace       used 82163K, committed 82944K, reserved 1179648K
  class space    used 11141K, committed 11520K, reserved 1048576K
}
Event: 1835.721 GC heap after
{Heap after GC invocations=46 (full 2):
 garbage-first heap   total 98304K, used 39928K [0x00000006cac00000, 0x0000000800000000)
  region size 4096K, 1 young (4096K), 1 survivors (4096K)
 Metaspace       used 82163K, committed 82944K, reserved 1179648K
  class space    used 11141K, committed 11520K, reserved 1048576K
}
Event: 1836.931 GC heap before
{Heap before GC invocations=46 (full 2):
 garbage-first heap   total 98304K, used 76792K [0x00000006cac00000, 0x0000000800000000)
  region size 4096K, 10 young (40960K), 1 survivors (4096K)
 Metaspace       used 82267K, committed 83008K, reserved 1179648K
  class space    used 11146K, committed 11520K, reserved 1048576K
}
Event: 1836.938 GC heap after
{Heap after GC invocations=47 (full 2):
 garbage-first heap   total 98304K, used 41463K [0x00000006cac00000, 0x0000000800000000)
  region size 4096K, 2 young (8192K), 2 survivors (8192K)
 Metaspace       used 82267K, committed 83008K, reserved 1179648K
  class space    used 11146K, committed 11520K, reserved 1048576K
}

